JSON_SAVE: OFF
FILTERS attackers=CUSTOM defenders=HF Rift/Bombs Scout, Ashley Build
PROGRESS variant=- jobs=0/2 0.0% elapsed=00:00:00 eta=00:00:00 current=-
PROGRESS variant=baseline jobs=0/2 0.0% elapsed=00:00:00 eta=00:00:00 current=-
[LEGACY_REPLAY_DEBUG_MATCHUP] {
  "verification": {
    "truthRequestedHashes": {
      "attacker": "dde8b5a8",
      "defender": "72f6c3dd"
    },
    "truthVerifiedHashes": {
      "attacker": "dde8b5a8",
      "defender": "72f6c3dd"
    },
    "simResolvedHashes": {
      "attacker": "dde8b5a8",
      "defender": "72f6c3dd"
    },
    "simExportResolvedHashes": {
      "attacker": "174ba4f1",
      "defender": "8b0f9122"
    },
    "identityMatch": true,
    "identityMismatchReason": null,
    "normalizedAttackerBuild": {
      "stats": {
        "level": 80,
        "hp": 650,
        "speed": 60,
        "dodge": 57,
        "accuracy": 14
      },
      "armor": {
        "name": "Dark Legion Armor",
        "upgrades": [
          "Abyss Crystal",
          "Abyss Crystal",
          "Abyss Crystal",
          "Abyss Crystal"
        ]
      },
      "weapon1": {
        "name": "Reaper Axe",
        "upgrades": [
          "Amulet Crystal",
          "Amulet Crystal",
          "Amulet Crystal",
          "Amulet Crystal"
        ]
      },
      "weapon2": {
        "name": "Crystal Maul",
        "upgrades": [
          "Amulet Crystal",
          "Amulet Crystal",
          "Amulet Crystal",
          "Perfect Fire Crystal"
        ]
      },
      "misc1": {
        "name": "Bio Spinal Enhancer",
        "upgrades": [
          "Perfect Pink Crystal",
          "Perfect Pink Crystal",
          "Perfect Pink Crystal",
          "Perfect Pink Crystal"
        ]
      },
      "misc2": {
        "name": "Bio Spinal Enhancer",
        "upgrades": [
          "Perfect Orange Crystal",
          "Perfect Orange Crystal",
          "Perfect Orange Crystal",
          "Perfect Orange Crystal"
        ]
      }
    },
    "normalizedDefenderBuild": {
      "stats": {
        "level": 101,
        "hp": 600,
        "speed": 60,
        "dodge": 67,
        "accuracy": 14
      },
      "armor": {
        "name": "Dark Legion Armor",
        "upgrades": [
          "Abyss Crystal",
          "Abyss Crystal",
          "Abyss Crystal",
          "Abyss Crystal"
        ]
      },
      "weapon1": {
        "name": "Reaper Axe",
        "upgrades": [
          "Berserker Crystal",
          "Berserker Crystal",
          "Berserker Crystal",
          "Berserker Crystal"
        ]
      },
      "weapon2": {
        "name": "Core Staff",
        "upgrades": [
          "Amulet Crystal",
          "Amulet Crystal",
          "Amulet Crystal",
          "Amulet Crystal"
        ]
      },
      "misc1": {
        "name": "Scout Drones",
        "upgrades": [
          "Amulet Crystal",
          "Amulet Crystal",
          "Amulet Crystal",
          "Amulet Crystal"
        ]
      },
      "misc2": {
        "name": "Scout Drones",
        "upgrades": [
          "Amulet Crystal",
          "Amulet Crystal",
          "Amulet Crystal",
          "Amulet Crystal"
        ]
      }
    },
    "mixedCrystalsPreserved": {
      "attacker": true,
      "defender": false
    },
    "sourceDefenderFile": "/var/folders/_m/pnr1j20n5ysbl010kddx6hs80000gn/T/legacy-replay-baseline-SVoaVz/CUSTOM--Ashley-Build--defender.js",
    "sourceDefsFile": "data/legacy-defs.js"
  },
  "combatSummary": {
    "truth": {
      "winPct": 43.3,
      "avgTurns": 8.938,
      "A_hit": 54,
      "A_dmg1": 57,
      "A_dmg2": 57,
      "D_hit": 69,
      "D_dmg1": 55,
      "D_dmg2": 55,
      "A_rng": [
        84,
        215
      ],
      "D_rng": [
        50,
        193
      ],
      "A_damageTotal": 5112252.666666667,
      "D_damageTotal": 6028681.666666667,
      "A_damagePerFight": 511.2,
      "D_damagePerFight": 602.9
    },
    "sim": {
      "winPct": 48.5,
      "avgTurns": 8.855,
      "A_hit": 51.618705035971225,
      "A_dmg1": 58.76887340301974,
      "A_dmg2": 57.96766743648961,
      "D_hit": 72.10615471485036,
      "D_dmg1": 54.894283476898984,
      "D_dmg2": 55.673469387755105,
      "A_rng": [
        88,
        223
      ],
      "D_rng": [
        50,
        187
      ],
      "A_damageTotal": null,
      "D_damageTotal": null,
      "A_damagePerFight": 502.2,
      "D_damagePerFight": 554.4
    },
    "firstMove": {
      "attackerRate": 0,
      "defenderRate": 100,
      "attackerWinWhenFirst": 0,
      "defenderWinWhenFirst": 51.5
    },
    "simSkillGivenHit": {
      "attacker": [
        58.76887340301974,
        57.96766743648961
      ],
      "defender": [
        54.894283476898984,
        55.673469387755105
      ]
    },
    "activeFlags": {
      "hitRollMode": "int",
      "hitGe": true,
      "hitQround": "round",
      "skillRollMode": "int",
      "skillGe": true,
      "skillQround": "round",
      "dmgRoll": "int",
      "armorK": 8,
      "armorApply": "per_weapon",
      "armorRound": "ceil",
      "sharedHit": false,
      "sharedSkillMode": "none",
      "actionStopOnKill": false,
      "speedTieMode": "random",
      "crystalStackStats": "iter4",
      "crystalStackDmg": "sum4",
      "crystalSlots": 4,
      "attackerAttackType": "normal",
      "defenderAttackType": "normal",
      "attackStyleRoundMode": "floor"
    }
  },
  "sampledFightDiagnostics": {
    "trace": [
      "=== TRACE (2 fights) for \"__REPLAY_DEFENDER__CUSTOM__Ashley-Build\" ===",
      "-- Fight 1 --",
      "T1 D->A | w1(h=false,s=false,raw=0,d=0,app=0) w2(h=false,s=false,raw=0,d=0,app=0) => raw=0 app=0 targetHP=650",
      "T1 A->D(ret) | w1(h=true,s=true,raw=113,d=94,app=94) w2(h=false,s=false,raw=0,d=0,app=0) => raw=94 app=94 targetHP=600",
      "T2 D->A | w1(h=true,s=true,raw=146,d=116,app=116) w2(h=true,s=true,raw=66,d=53,app=53) => raw=169 app=169 targetHP=650",
      "T2 A->D(ret) | w1(h=false,s=false,raw=0,d=0,app=0) w2(h=true,s=false,raw=0,d=0,app=0) => raw=0 app=0 targetHP=506",
      "T3 D->A | w1(h=false,s=false,raw=0,d=0,app=0) w2(h=true,s=false,raw=0,d=0,app=0) => raw=0 app=0 targetHP=481",
      "T3 A->D(ret) | w1(h=false,s=false,raw=0,d=0,app=0) w2(h=false,s=false,raw=0,d=0,app=0) => raw=0 app=0 targetHP=506",
      "T4 D->A | w1(h=true,s=false,raw=0,d=0,app=0) w2(h=true,s=false,raw=0,d=0,app=0) => raw=0 app=0 targetHP=481",
      "T4 A->D(ret) | w1(h=false,s=false,raw=0,d=0,app=0) w2(h=false,s=false,raw=0,d=0,app=0) => raw=0 app=0 targetHP=506",
      "T5 D->A | w1(h=true,s=false,raw=0,d=0,app=0) w2(h=true,s=true,raw=70,d=56,app=56) => raw=56 app=56 targetHP=481",
      "T5 A->D(ret) | w1(h=true,s=true,raw=106,d=88,app=88) w2(h=true,s=false,raw=0,d=0,app=0) => raw=88 app=88 targetHP=506",
      "T6 D->A | w1(h=false,s=false,raw=0,d=0,app=0) w2(h=true,s=true,raw=70,d=56,app=56) => raw=56 app=56 targetHP=425",
      "T6 A->D(ret) | w1(h=false,s=false,raw=0,d=0,app=0) w2(h=true,s=false,raw=0,d=0,app=0) => raw=0 app=0 targetHP=418",
      "T7 D->A | w1(h=true,s=true,raw=131,d=105,app=105) w2(h=true,s=false,raw=0,d=0,app=0) => raw=105 app=105 targetHP=369",
      "T7 A->D(ret) | w1(h=false,s=false,raw=0,d=0,app=0) w2(h=false,s=false,raw=0,d=0,app=0) => raw=0 app=0 targetHP=418",
      "T8 D->A | w1(h=true,s=false,raw=0,d=0,app=0) w2(h=false,s=false,raw=0,d=0,app=0) => raw=0 app=0 targetHP=264",
      "T8 A->D(ret) | w1(h=false,s=false,raw=0,d=0,app=0) w2(h=true,s=false,raw=0,d=0,app=0) => raw=0 app=0 targetHP=418",
      "T9 D->A | w1(h=true,s=true,raw=134,d=107,app=107) w2(h=true,s=false,raw=0,d=0,app=0) => raw=107 app=107 targetHP=264",
      "T9 A->D(ret) | w1(h=true,s=true,raw=110,d=92,app=92) w2(h=false,s=false,raw=0,d=0,app=0) => raw=92 app=92 targetHP=418",
      "T10 D->A | w1(h=false,s=false,raw=0,d=0,app=0) w2(h=false,s=false,raw=0,d=0,app=0) => raw=0 app=0 targetHP=157",
      "T10 A->D(ret) | w1(h=true,s=true,raw=124,d=103,app=103) w2(h=false,s=false,raw=0,d=0,app=0) => raw=103 app=103 targetHP=326",
      "T11 D->A | w1(h=true,s=true,raw=157,d=125,app=125) w2(h=true,s=false,raw=0,d=0,app=0) => raw=125 app=125 targetHP=157",
      "T11 A->D(ret) | w1(h=false,s=false,raw=0,d=0,app=0) w2(h=false,s=false,raw=0,d=0,app=0) => raw=0 app=0 targetHP=223",
      "T12 D->A | w1(h=true,s=true,raw=128,d=102,app=32) w2(h=true,s=true,raw=72,d=58,app=0) => raw=160 app=32 targetHP=32",
      "-- Fight 2 --",
      "T1 D->A | w1(h=true,s=true,raw=131,d=105,app=105) w2(h=false,s=false,raw=0,d=0,app=0) => raw=105 app=105 targetHP=650",
      "T1 A->D(ret) | w1(h=true,s=true,raw=105,d=88,app=88) w2(h=false,s=false,raw=0,d=0,app=0) => raw=88 app=88 targetHP=600",
      "T2 D->A | w1(h=false,s=false,raw=0,d=0,app=0) w2(h=false,s=false,raw=0,d=0,app=0) => raw=0 app=0 targetHP=545",
      "T2 A->D(ret) | w1(h=false,s=false,raw=0,d=0,app=0) w2(h=true,s=false,raw=0,d=0,app=0) => raw=0 app=0 targetHP=512",
      "T3 D->A | w1(h=false,s=false,raw=0,d=0,app=0) w2(h=false,s=false,raw=0,d=0,app=0) => raw=0 app=0 targetHP=545",
      "T3 A->D(ret) | w1(h=true,s=false,raw=0,d=0,app=0) w2(h=true,s=true,raw=124,d=103,app=103) => raw=103 app=103 targetHP=512",
      "T4 D->A | w1(h=false,s=false,raw=0,d=0,app=0) w2(h=true,s=true,raw=71,d=57,app=57) => raw=57 app=57 targetHP=545",
      "T4 A->D(ret) | w1(h=false,s=false,raw=0,d=0,app=0) w2(h=false,s=false,raw=0,d=0,app=0) => raw=0 app=0 targetHP=409",
      "T5 D->A | w1(h=true,s=false,raw=0,d=0,app=0) w2(h=true,s=false,raw=0,d=0,app=0) => raw=0 app=0 targetHP=488",
      "T5 A->D(ret) | w1(h=false,s=false,raw=0,d=0,app=0) w2(h=true,s=true,raw=129,d=108,app=108) => raw=108 app=108 targetHP=409",
      "T6 D->A | w1(h=true,s=false,raw=0,d=0,app=0) w2(h=true,s=true,raw=64,d=51,app=51) => raw=51 app=51 targetHP=488",
      "T6 A->D(ret) | w1(h=true,s=false,raw=0,d=0,app=0) w2(h=true,s=true,raw=124,d=103,app=103) => raw=103 app=103 targetHP=301",
      "T7 D->A | w1(h=true,s=true,raw=138,d=110,app=110) w2(h=false,s=false,raw=0,d=0,app=0) => raw=110 app=110 targetHP=437",
      "T7 A->D(ret) | w1(h=false,s=false,raw=0,d=0,app=0) w2(h=false,s=false,raw=0,d=0,app=0) => raw=0 app=0 targetHP=198",
      "T8 D->A | w1(h=true,s=true,raw=159,d=127,app=127) w2(h=true,s=true,raw=72,d=58,app=58) => raw=185 app=185 targetHP=327",
      "T8 A->D(ret) | w1(h=true,s=true,raw=114,d=95,app=95) w2(h=false,s=false,raw=0,d=0,app=0) => raw=95 app=95 targetHP=198",
      "T9 D->A | w1(h=true,s=true,raw=159,d=127,app=127) w2(h=true,s=true,raw=68,d=54,app=15) => raw=181 app=142 targetHP=142"
    ],
    "rollDump": [
      "=== ROLL_DUMP for \"__REPLAY_DEFENDER__CUSTOM__Ashley-Build\" (fights=1, maxTurns=8, maxLines=400) ===",
      "RD === BEGIN def=\"__REPLAY_DEFENDER__CUSTOM__Ashley-Build\" fight=1 ===",
      "RD HIT def=\"__REPLAY_DEFENDER__CUSTOM__Ashley-Build\" fight=1 turn=1 D->A w1(Reaper Axe) | mode=int q=round ge=1 | off=Acc=220 offMin=55→55 offMax=220 offLo=55 offHi=220 | def=Dod=166 defMin=41.5→42 defMax=166 defLo=42 defHi=166 | rolls: offRoll=81 defRoll=155 diff=-74 cmp=>= => 0",
      "RD HIT def=\"__REPLAY_DEFENDER__CUSTOM__Ashley-Build\" fight=1 turn=1 D->A w2(Core Staff) | mode=int q=round ge=1 | off=Acc=220 offMin=55→55 offMax=220 offLo=55 offHi=220 | def=Dod=166 defMin=41.5→42 defMax=166 defLo=42 defHi=166 | rolls: offRoll=67 defRoll=147 diff=-80 cmp=>= => 0",
      "RD HIT def=\"__REPLAY_DEFENDER__CUSTOM__Ashley-Build\" fight=1 turn=1 A->D(ret) w1(Reaper Axe) | mode=int q=round ge=1 | off=Acc=194 offMin=48.5→49 offMax=194 offLo=49 offHi=194 | def=Dod=184 defMin=46→46 defMax=184 defLo=46 defHi=184 | rolls: offRoll=144 defRoll=89 diff=55 cmp=>= => 1",
      "RD SKILL def=\"__REPLAY_DEFENDER__CUSTOM__Ashley-Build\" fight=1 turn=1 A->D(ret) w1(Reaper Axe) | mode=int q=round ge=1 | off=Mel=769 offMin=192.25→192 offMax=769 offLo=192 offHi=769 | def=Def=706 defMin=176.5→177 defMax=706 defLo=177 defHi=706 | rolls: offRoll=287 defRoll=197 diff=90 cmp=>= => 1",
      "RD HIT def=\"__REPLAY_DEFENDER__CUSTOM__Ashley-Build\" fight=1 turn=1 A->D(ret) w2(Crystal Maul) | mode=int q=round ge=1 | off=Acc=194 offMin=48.5→49 offMax=194 offLo=49 offHi=194 | def=Dod=184 defMin=46→46 defMax=184 defLo=46 defHi=184 | rolls: offRoll=58 defRoll=174 diff=-116 cmp=>= => 0",
      "RD HIT def=\"__REPLAY_DEFENDER__CUSTOM__Ashley-Build\" fight=1 turn=2 D->A w1(Reaper Axe) | mode=int q=round ge=1 | off=Acc=220 offMin=55→55 offMax=220 offLo=55 offHi=220 | def=Dod=166 defMin=41.5→42 defMax=166 defLo=42 defHi=166 | rolls: offRoll=175 defRoll=107 diff=68 cmp=>= => 1",
      "RD SKILL def=\"__REPLAY_DEFENDER__CUSTOM__Ashley-Build\" fight=1 turn=2 D->A w1(Reaper Axe) | mode=int q=round ge=1 | off=Mel=793 offMin=198.25→198 offMax=793 offLo=198 offHi=793 | def=Def=743 defMin=185.75→186 defMax=743 defLo=186 defHi=743 | rolls: offRoll=522 defRoll=325 diff=197 cmp=>= => 1",
      "RD HIT def=\"__REPLAY_DEFENDER__CUSTOM__Ashley-Build\" fight=1 turn=2 D->A w2(Core Staff) | mode=int q=round ge=1 | off=Acc=220 offMin=55→55 offMax=220 offLo=55 offHi=220 | def=Dod=166 defMin=41.5→42 defMax=166 defLo=42 defHi=166 | rolls: offRoll=175 defRoll=103 diff=72 cmp=>= => 1",
      "RD SKILL def=\"__REPLAY_DEFENDER__CUSTOM__Ashley-Build\" fight=1 turn=2 D->A w2(Core Staff) | mode=int q=round ge=1 | off=Mel=793 offMin=198.25→198 offMax=793 offLo=198 offHi=793 | def=Def=743 defMin=185.75→186 defMax=743 defLo=186 defHi=743 | rolls: offRoll=527 defRoll=237 diff=290 cmp=>= => 1",
      "RD HIT def=\"__REPLAY_DEFENDER__CUSTOM__Ashley-Build\" fight=1 turn=2 A->D(ret) w1(Reaper Axe) | mode=int q=round ge=1 | off=Acc=194 offMin=48.5→49 offMax=194 offLo=49 offHi=194 | def=Dod=184 defMin=46→46 defMax=184 defLo=46 defHi=184 | rolls: offRoll=79 defRoll=128 diff=-49 cmp=>= => 0",
      "RD HIT def=\"__REPLAY_DEFENDER__CUSTOM__Ashley-Build\" fight=1 turn=2 A->D(ret) w2(Crystal Maul) | mode=int q=round ge=1 | off=Acc=194 offMin=48.5→49 offMax=194 offLo=49 offHi=194 | def=Dod=184 defMin=46→46 defMax=184 defLo=46 defHi=184 | rolls: offRoll=162 defRoll=127 diff=35 cmp=>= => 1",
      "RD SKILL def=\"__REPLAY_DEFENDER__CUSTOM__Ashley-Build\" fight=1 turn=2 A->D(ret) w2(Crystal Maul) | mode=int q=round ge=1 | off=Mel=769 offMin=192.25→192 offMax=769 offLo=192 offHi=769 | def=Def=706 defMin=176.5→177 defMax=706 defLo=177 defHi=706 | rolls: offRoll=237 defRoll=646 diff=-409 cmp=>= => 0",
      "RD HIT def=\"__REPLAY_DEFENDER__CUSTOM__Ashley-Build\" fight=1 turn=3 D->A w1(Reaper Axe) | mode=int q=round ge=1 | off=Acc=220 offMin=55→55 offMax=220 offLo=55 offHi=220 | def=Dod=166 defMin=41.5→42 defMax=166 defLo=42 defHi=166 | rolls: offRoll=87 defRoll=92 diff=-5 cmp=>= => 0",
      "RD HIT def=\"__REPLAY_DEFENDER__CUSTOM__Ashley-Build\" fight=1 turn=3 D->A w2(Core Staff) | mode=int q=round ge=1 | off=Acc=220 offMin=55→55 offMax=220 offLo=55 offHi=220 | def=Dod=166 defMin=41.5→42 defMax=166 defLo=42 defHi=166 | rolls: offRoll=150 defRoll=93 diff=57 cmp=>= => 1",
      "RD SKILL def=\"__REPLAY_DEFENDER__CUSTOM__Ashley-Build\" fight=1 turn=3 D->A w2(Core Staff) | mode=int q=round ge=1 | off=Mel=793 offMin=198.25→198 offMax=793 offLo=198 offHi=793 | def=Def=743 defMin=185.75→186 defMax=743 defLo=186 defHi=743 | rolls: offRoll=263 defRoll=459 diff=-196 cmp=>= => 0",
      "RD HIT def=\"__REPLAY_DEFENDER__CUSTOM__Ashley-Build\" fight=1 turn=3 A->D(ret) w1(Reaper Axe) | mode=int q=round ge=1 | off=Acc=194 offMin=48.5→49 offMax=194 offLo=49 offHi=194 | def=Dod=184 defMin=46→46 defMax=184 defLo=46 defHi=184 | rolls: offRoll=74 defRoll=163 diff=-89 cmp=>= => 0",
      "RD HIT def=\"__REPLAY_DEFENDER__CUSTOM__Ashley-Build\" fight=1 turn=3 A->D(ret) w2(Crystal Maul) | mode=int q=round ge=1 | off=Acc=194 offMin=48.5→49 offMax=194 offLo=49 offHi=194 | def=Dod=184 defMin=46→46 defMax=184 defLo=46 defHi=184 | rolls: offRoll=54 defRoll=75 diff=-21 cmp=>= => 0",
      "RD HIT def=\"__REPLAY_DEFENDER__CUSTOM__Ashley-Build\" fight=1 turn=4 D->A w1(Reaper Axe) | mode=int q=round ge=1 | off=Acc=220 offMin=55→55 offMax=220 offLo=55 offHi=220 | def=Dod=166 defMin=41.5→42 defMax=166 defLo=42 defHi=166 | rolls: offRoll=174 defRoll=121 diff=53 cmp=>= => 1",
      "RD SKILL def=\"__REPLAY_DEFENDER__CUSTOM__Ashley-Build\" fight=1 turn=4 D->A w1(Reaper Axe) | mode=int q=round ge=1 | off=Mel=793 offMin=198.25→198 offMax=793 offLo=198 offHi=793 | def=Def=743 defMin=185.75→186 defMax=743 defLo=186 defHi=743 | rolls: offRoll=233 defRoll=711 diff=-478 cmp=>= => 0",
      "RD HIT def=\"__REPLAY_DEFENDER__CUSTOM__Ashley-Build\" fight=1 turn=4 D->A w2(Core Staff) | mode=int q=round ge=1 | off=Acc=220 offMin=55→55 offMax=220 offLo=55 offHi=220 | def=Dod=166 defMin=41.5→42 defMax=166 defLo=42 defHi=166 | rolls: offRoll=114 defRoll=50 diff=64 cmp=>= => 1",
      "RD SKILL def=\"__REPLAY_DEFENDER__CUSTOM__Ashley-Build\" fight=1 turn=4 D->A w2(Core Staff) | mode=int q=round ge=1 | off=Mel=793 offMin=198.25→198 offMax=793 offLo=198 offHi=793 | def=Def=743 defMin=185.75→186 defMax=743 defLo=186 defHi=743 | rolls: offRoll=205 defRoll=268 diff=-63 cmp=>= => 0",
      "RD HIT def=\"__REPLAY_DEFENDER__CUSTOM__Ashley-Build\" fight=1 turn=4 A->D(ret) w1(Reaper Axe) | mode=int q=round ge=1 | off=Acc=194 offMin=48.5→49 offMax=194 offLo=49 offHi=194 | def=Dod=184 defMin=46→46 defMax=184 defLo=46 defHi=184 | rolls: offRoll=130 defRoll=137 diff=-7 cmp=>= => 0",
      "RD HIT def=\"__REPLAY_DEFENDER__CUSTOM__Ashley-Build\" fight=1 turn=4 A->D(ret) w2(Crystal Maul) | mode=int q=round ge=1 | off=Acc=194 offMin=48.5→49 offMax=194 offLo=49 offHi=194 | def=Dod=184 defMin=46→46 defMax=184 defLo=46 defHi=184 | rolls: offRoll=90 defRoll=141 diff=-51 cmp=>= => 0",
      "RD HIT def=\"__REPLAY_DEFENDER__CUSTOM__Ashley-Build\" fight=1 turn=5 D->A w1(Reaper Axe) | mode=int q=round ge=1 | off=Acc=220 offMin=55→55 offMax=220 offLo=55 offHi=220 | def=Dod=166 defMin=41.5→42 defMax=166 defLo=42 defHi=166 | rolls: offRoll=217 defRoll=42 diff=175 cmp=>= => 1",
      "RD SKILL def=\"__REPLAY_DEFENDER__CUSTOM__Ashley-Build\" fight=1 turn=5 D->A w1(Reaper Axe) | mode=int q=round ge=1 | off=Mel=793 offMin=198.25→198 offMax=793 offLo=198 offHi=793 | def=Def=743 defMin=185.75→186 defMax=743 defLo=186 defHi=743 | rolls: offRoll=407 defRoll=547 diff=-140 cmp=>= => 0",
      "RD HIT def=\"__REPLAY_DEFENDER__CUSTOM__Ashley-Build\" fight=1 turn=5 D->A w2(Core Staff) | mode=int q=round ge=1 | off=Acc=220 offMin=55→55 offMax=220 offLo=55 offHi=220 | def=Dod=166 defMin=41.5→42 defMax=166 defLo=42 defHi=166 | rolls: offRoll=103 defRoll=83 diff=20 cmp=>= => 1",
      "RD SKILL def=\"__REPLAY_DEFENDER__CUSTOM__Ashley-Build\" fight=1 turn=5 D->A w2(Core Staff) | mode=int q=round ge=1 | off=Mel=793 offMin=198.25→198 offMax=793 offLo=198 offHi=793 | def=Def=743 defMin=185.75→186 defMax=743 defLo=186 defHi=743 | rolls: offRoll=626 defRoll=195 diff=431 cmp=>= => 1",
      "RD HIT def=\"__REPLAY_DEFENDER__CUSTOM__Ashley-Build\" fight=1 turn=5 A->D(ret) w1(Reaper Axe) | mode=int q=round ge=1 | off=Acc=194 offMin=48.5→49 offMax=194 offLo=49 offHi=194 | def=Dod=184 defMin=46→46 defMax=184 defLo=46 defHi=184 | rolls: offRoll=113 defRoll=106 diff=7 cmp=>= => 1",
      "RD SKILL def=\"__REPLAY_DEFENDER__CUSTOM__Ashley-Build\" fight=1 turn=5 A->D(ret) w1(Reaper Axe) | mode=int q=round ge=1 | off=Mel=769 offMin=192.25→192 offMax=769 offLo=192 offHi=769 | def=Def=706 defMin=176.5→177 defMax=706 defLo=177 defHi=706 | rolls: offRoll=708 defRoll=626 diff=82 cmp=>= => 1",
      "RD HIT def=\"__REPLAY_DEFENDER__CUSTOM__Ashley-Build\" fight=1 turn=5 A->D(ret) w2(Crystal Maul) | mode=int q=round ge=1 | off=Acc=194 offMin=48.5→49 offMax=194 offLo=49 offHi=194 | def=Dod=184 defMin=46→46 defMax=184 defLo=46 defHi=184 | rolls: offRoll=105 defRoll=66 diff=39 cmp=>= => 1",
      "RD SKILL def=\"__REPLAY_DEFENDER__CUSTOM__Ashley-Build\" fight=1 turn=5 A->D(ret) w2(Crystal Maul) | mode=int q=round ge=1 | off=Mel=769 offMin=192.25→192 offMax=769 offLo=192 offHi=769 | def=Def=706 defMin=176.5→177 defMax=706 defLo=177 defHi=706 | rolls: offRoll=436 defRoll=614 diff=-178 cmp=>= => 0",
      "RD HIT def=\"__REPLAY_DEFENDER__CUSTOM__Ashley-Build\" fight=1 turn=6 D->A w1(Reaper Axe) | mode=int q=round ge=1 | off=Acc=220 offMin=55→55 offMax=220 offLo=55 offHi=220 | def=Dod=166 defMin=41.5→42 defMax=166 defLo=42 defHi=166 | rolls: offRoll=96 defRoll=106 diff=-10 cmp=>= => 0",
      "RD HIT def=\"__REPLAY_DEFENDER__CUSTOM__Ashley-Build\" fight=1 turn=6 D->A w2(Core Staff) | mode=int q=round ge=1 | off=Acc=220 offMin=55→55 offMax=220 offLo=55 offHi=220 | def=Dod=166 defMin=41.5→42 defMax=166 defLo=42 defHi=166 | rolls: offRoll=73 defRoll=68 diff=5 cmp=>= => 1",
      "RD SKILL def=\"__REPLAY_DEFENDER__CUSTOM__Ashley-Build\" fight=1 turn=6 D->A w2(Core Staff) | mode=int q=round ge=1 | off=Mel=793 offMin=198.25→198 offMax=793 offLo=198 offHi=793 | def=Def=743 defMin=185.75→186 defMax=743 defLo=186 defHi=743 | rolls: offRoll=553 defRoll=437 diff=116 cmp=>= => 1",
      "RD HIT def=\"__REPLAY_DEFENDER__CUSTOM__Ashley-Build\" fight=1 turn=6 A->D(ret) w1(Reaper Axe) | mode=int q=round ge=1 | off=Acc=194 offMin=48.5→49 offMax=194 offLo=49 offHi=194 | def=Dod=184 defMin=46→46 defMax=184 defLo=46 defHi=184 | rolls: offRoll=65 defRoll=158 diff=-93 cmp=>= => 0",
      "RD HIT def=\"__REPLAY_DEFENDER__CUSTOM__Ashley-Build\" fight=1 turn=6 A->D(ret) w2(Crystal Maul) | mode=int q=round ge=1 | off=Acc=194 offMin=48.5→49 offMax=194 offLo=49 offHi=194 | def=Dod=184 defMin=46→46 defMax=184 defLo=46 defHi=184 | rolls: offRoll=173 defRoll=98 diff=75 cmp=>= => 1",
      "RD SKILL def=\"__REPLAY_DEFENDER__CUSTOM__Ashley-Build\" fight=1 turn=6 A->D(ret) w2(Crystal Maul) | mode=int q=round ge=1 | off=Mel=769 offMin=192.25→192 offMax=769 offLo=192 offHi=769 | def=Def=706 defMin=176.5→177 defMax=706 defLo=177 defHi=706 | rolls: offRoll=304 defRoll=393 diff=-89 cmp=>= => 0",
      "RD HIT def=\"__REPLAY_DEFENDER__CUSTOM__Ashley-Build\" fight=1 turn=7 D->A w1(Reaper Axe) | mode=int q=round ge=1 | off=Acc=220 offMin=55→55 offMax=220 offLo=55 offHi=220 | def=Dod=166 defMin=41.5→42 defMax=166 defLo=42 defHi=166 | rolls: offRoll=201 defRoll=105 diff=96 cmp=>= => 1",
      "RD SKILL def=\"__REPLAY_DEFENDER__CUSTOM__Ashley-Build\" fight=1 turn=7 D->A w1(Reaper Axe) | mode=int q=round ge=1 | off=Mel=793 offMin=198.25→198 offMax=793 offLo=198 offHi=793 | def=Def=743 defMin=185.75→186 defMax=743 defLo=186 defHi=743 | rolls: offRoll=753 defRoll=517 diff=236 cmp=>= => 1",
      "RD HIT def=\"__REPLAY_DEFENDER__CUSTOM__Ashley-Build\" fight=1 turn=7 D->A w2(Core Staff) | mode=int q=round ge=1 | off=Acc=220 offMin=55→55 offMax=220 offLo=55 offHi=220 | def=Dod=166 defMin=41.5→42 defMax=166 defLo=42 defHi=166 | rolls: offRoll=92 defRoll=60 diff=32 cmp=>= => 1",
      "RD SKILL def=\"__REPLAY_DEFENDER__CUSTOM__Ashley-Build\" fight=1 turn=7 D->A w2(Core Staff) | mode=int q=round ge=1 | off=Mel=793 offMin=198.25→198 offMax=793 offLo=198 offHi=793 | def=Def=743 defMin=185.75→186 defMax=743 defLo=186 defHi=743 | rolls: offRoll=277 defRoll=708 diff=-431 cmp=>= => 0",
      "RD HIT def=\"__REPLAY_DEFENDER__CUSTOM__Ashley-Build\" fight=1 turn=7 A->D(ret) w1(Reaper Axe) | mode=int q=round ge=1 | off=Acc=194 offMin=48.5→49 offMax=194 offLo=49 offHi=194 | def=Dod=184 defMin=46→46 defMax=184 defLo=46 defHi=184 | rolls: offRoll=163 defRoll=169 diff=-6 cmp=>= => 0",
      "RD HIT def=\"__REPLAY_DEFENDER__CUSTOM__Ashley-Build\" fight=1 turn=7 A->D(ret) w2(Crystal Maul) | mode=int q=round ge=1 | off=Acc=194 offMin=48.5→49 offMax=194 offLo=49 offHi=194 | def=Dod=184 defMin=46→46 defMax=184 defLo=46 defHi=184 | rolls: offRoll=118 defRoll=132 diff=-14 cmp=>= => 0",
      "RD HIT def=\"__REPLAY_DEFENDER__CUSTOM__Ashley-Build\" fight=1 turn=8 D->A w1(Reaper Axe) | mode=int q=round ge=1 | off=Acc=220 offMin=55→55 offMax=220 offLo=55 offHi=220 | def=Dod=166 defMin=41.5→42 defMax=166 defLo=42 defHi=166 | rolls: offRoll=175 defRoll=97 diff=78 cmp=>= => 1",
      "RD SKILL def=\"__REPLAY_DEFENDER__CUSTOM__Ashley-Build\" fight=1 turn=8 D->A w1(Reaper Axe) | mode=int q=round ge=1 | off=Mel=793 offMin=198.25→198 offMax=793 offLo=198 offHi=793 | def=Def=743 defMin=185.75→186 defMax=743 defLo=186 defHi=743 | rolls: offRoll=384 defRoll=425 diff=-41 cmp=>= => 0",
      "RD HIT def=\"__REPLAY_DEFENDER__CUSTOM__Ashley-Build\" fight=1 turn=8 D->A w2(Core Staff) | mode=int q=round ge=1 | off=Acc=220 offMin=55→55 offMax=220 offLo=55 offHi=220 | def=Dod=166 defMin=41.5→42 defMax=166 defLo=42 defHi=166 | rolls: offRoll=134 defRoll=154 diff=-20 cmp=>= => 0",
      "RD HIT def=\"__REPLAY_DEFENDER__CUSTOM__Ashley-Build\" fight=1 turn=8 A->D(ret) w1(Reaper Axe) | mode=int q=round ge=1 | off=Acc=194 offMin=48.5→49 offMax=194 offLo=49 offHi=194 | def=Dod=184 defMin=46→46 defMax=184 defLo=46 defHi=184 | rolls: offRoll=63 defRoll=67 diff=-4 cmp=>= => 0",
      "RD HIT def=\"__REPLAY_DEFENDER__CUSTOM__Ashley-Build\" fight=1 turn=8 A->D(ret) w2(Crystal Maul) | mode=int q=round ge=1 | off=Acc=194 offMin=48.5→49 offMax=194 offLo=49 offHi=194 | def=Dod=184 defMin=46→46 defMax=184 defLo=46 defHi=184 | rolls: offRoll=122 defRoll=49 diff=73 cmp=>= => 1",
      "RD SKILL def=\"__REPLAY_DEFENDER__CUSTOM__Ashley-Build\" fight=1 turn=8 A->D(ret) w2(Crystal Maul) | mode=int q=round ge=1 | off=Mel=769 offMin=192.25→192 offMax=769 offLo=192 offHi=769 | def=Def=706 defMin=176.5→177 defMax=706 defLo=177 defHi=706 | rolls: offRoll=255 defRoll=590 diff=-335 cmp=>= => 0",
      "=== END ROLL_DUMP ==="
    ]
  },
  "debugActionCounters": {
    "attacker": {
      "turnsTaken": 1668,
      "weapon1Attempts": 1668,
      "weapon2Attempts": 1668,
      "weapon1HitCount": 861,
      "weapon2HitCount": 866,
      "weapon1SkillSuccessCount": 506,
      "weapon2SkillSuccessCount": 502,
      "weapon1DamageEvents": 506,
      "weapon2DamageEvents": 502,
      "rawDamageTotal": 104315,
      "appliedDamageTotal": 100438,
      "w1OverkillCount": 40,
      "w2OverkillCount": 66,
      "w2OnDeadCount": 13,
      "killsByW1": 44,
      "killsByW2": 53,
      "totalKills": 97,
      "averageAppliedDamagePerTurn": 60.2146,
      "averageAppliedDamagePerSuccessfulSkill": 99.6409,
      "appliedRawRatio": 0.9628
    },
    "defender": {
      "turnsTaken": 1771,
      "weapon1Attempts": 1771,
      "weapon2Attempts": 1771,
      "weapon1HitCount": 1277,
      "weapon2HitCount": 1225,
      "weapon1SkillSuccessCount": 701,
      "weapon2SkillSuccessCount": 682,
      "weapon1DamageEvents": 701,
      "weapon2DamageEvents": 682,
      "rawDamageTotal": 116769,
      "appliedDamageTotal": 110870,
      "w1OverkillCount": 67,
      "w2OverkillCount": 60,
      "w2OnDeadCount": 26,
      "killsByW1": 68,
      "killsByW2": 35,
      "totalKills": 103,
      "averageAppliedDamagePerTurn": 62.603,
      "averageAppliedDamagePerSuccessfulSkill": 80.1663,
      "appliedRawRatio": 0.9495
    }
  },
  "diagnosisHints": [
    "throughput gap is defender-skewed (A dmg/f Δ=-9, D dmg/f Δ=-48.5)",
    "defender w2OnDead is elevated (26/1771, rate=0.0147)",
    "defender applied/raw is materially lower than attacker (0.9495 vs 0.9628)",
    "attacker applied/raw looks unusually favorable (0.9628 vs 0.9495)",
    "defender weapon2 converts damage events into kills less often than weapon1 (0.0513 vs 0.097)"
  ],
  "sanityFingerprint": {
    "sourceSimFile": "/Users/danielhook/Desktop/code_projects/legacy_sims/.legacy-sim-custom--24812--baseline--1.js",
    "sourceDefsFile": "data/legacy-defs.js",
    "sourceDefenderFile": "/var/folders/_m/pnr1j20n5ysbl010kddx6hs80000gn/T/legacy-replay-baseline-SVoaVz/CUSTOM--Ashley-Build--defender.js",
    "attackerHash": "dde8b5a8",
    "defenderHash": "72f6c3dd",
    "logicKey": "32663816",
    "configKey": "fd67910d",
    "runKey": "129a02e5",
    "critical": {
      "hitRollMode": "int",
      "hitGe": true,
      "hitQround": "round",
      "skillRollMode": "int",
      "skillGe": true,
      "skillQround": "round",
      "dmgRoll": "int",
      "armorK": 8,
      "armorApply": "per_weapon",
      "armorRound": "ceil",
      "sharedHit": false,
      "sharedSkillMode": "none",
      "actionStopOnKill": false,
      "speedTieMode": "random",
      "crystalStackStats": "iter4",
      "crystalStackDmg": "sum4",
      "crystalSlots": 4,
      "attackerAttackType": "normal",
      "defenderAttackType": "normal",
      "attackStyleRoundMode": "floor"
    }
  }
}
PROGRESS variant=baseline jobs=1/2 50.0% elapsed=00:00:00 eta=00:00:00 current=CUSTOM | Ashley Build
[LEGACY_REPLAY_DEBUG_MATCHUP] {
  "verification": {
    "truthRequestedHashes": {
      "attacker": "dde8b5a8",
      "defender": "61424d76"
    },
    "truthVerifiedHashes": {
      "attacker": "dde8b5a8",
      "defender": "61424d76"
    },
    "simResolvedHashes": {
      "attacker": "dde8b5a8",
      "defender": "61424d76"
    },
    "simExportResolvedHashes": {
      "attacker": "174ba4f1",
      "defender": "0cb196df"
    },
    "identityMatch": true,
    "identityMismatchReason": null,
    "normalizedAttackerBuild": {
      "stats": {
        "level": 80,
        "hp": 650,
        "speed": 60,
        "dodge": 57,
        "accuracy": 14
      },
      "armor": {
        "name": "Dark Legion Armor",
        "upgrades": [
          "Abyss Crystal",
          "Abyss Crystal",
          "Abyss Crystal",
          "Abyss Crystal"
        ]
      },
      "weapon1": {
        "name": "Reaper Axe",
        "upgrades": [
          "Amulet Crystal",
          "Amulet Crystal",
          "Amulet Crystal",
          "Amulet Crystal"
        ]
      },
      "weapon2": {
        "name": "Crystal Maul",
        "upgrades": [
          "Amulet Crystal",
          "Amulet Crystal",
          "Amulet Crystal",
          "Perfect Fire Crystal"
        ]
      },
      "misc1": {
        "name": "Bio Spinal Enhancer",
        "upgrades": [
          "Perfect Pink Crystal",
          "Perfect Pink Crystal",
          "Perfect Pink Crystal",
          "Perfect Pink Crystal"
        ]
      },
      "misc2": {
        "name": "Bio Spinal Enhancer",
        "upgrades": [
          "Perfect Orange Crystal",
          "Perfect Orange Crystal",
          "Perfect Orange Crystal",
          "Perfect Orange Crystal"
        ]
      }
    },
    "normalizedDefenderBuild": {
      "stats": {
        "level": 99,
        "hp": 865,
        "speed": 60,
        "dodge": 14,
        "accuracy": 14
      },
      "armor": {
        "name": "Hellforged Armor",
        "upgrades": [
          "Abyss Crystal",
          "Abyss Crystal",
          "Abyss Crystal",
          "Abyss Crystal"
        ]
      },
      "weapon1": {
        "name": "Rift Gun",
        "upgrades": [
          "Amulet Crystal",
          "Amulet Crystal",
          "Amulet Crystal",
          "Amulet Crystal"
        ]
      },
      "weapon2": {
        "name": "Split Crystal Bombs T2",
        "upgrades": [
          "Amulet Crystal",
          "Amulet Crystal",
          "Amulet Crystal",
          "Amulet Crystal"
        ]
      },
      "misc1": {
        "name": "Scout Drones",
        "upgrades": [
          "Amulet Crystal",
          "Amulet Crystal",
          "Amulet Crystal",
          "Amulet Crystal"
        ]
      },
      "misc2": {
        "name": "Scout Drones",
        "upgrades": [
          "Amulet Crystal",
          "Amulet Crystal",
          "Amulet Crystal",
          "Amulet Crystal"
        ]
      }
    },
    "mixedCrystalsPreserved": {
      "attacker": true,
      "defender": false
    },
    "sourceDefenderFile": "/var/folders/_m/pnr1j20n5ysbl010kddx6hs80000gn/T/legacy-replay-baseline-SVoaVz/CUSTOM--HF-Rift-Bombs-Scout--defender.js",
    "sourceDefsFile": "data/legacy-defs.js"
  },
  "combatSummary": {
    "truth": {
      "winPct": 43.7,
      "avgTurns": 10.3708,
      "A_hit": 87,
      "A_dmg1": 53,
      "A_dmg2": 53,
      "D_hit": 75,
      "D_dmg1": 55,
      "D_dmg2": 61,
      "A_rng": [
        72,
        183
      ],
      "D_rng": [
        55,
        151
      ],
      "A_damageTotal": 7754714,
      "D_damageTotal": 6090768.666666667,
      "A_damagePerFight": 775.5,
      "D_damagePerFight": 609.1
    },
    "sim": {
      "winPct": 50.5,
      "avgTurns": 9.795,
      "A_hit": 87.8494623655914,
      "A_dmg1": 53.3047735618115,
      "A_dmg2": 54.83476132190942,
      "D_hit": 75.80398162327718,
      "D_dmg1": 55.420875420875426,
      "D_dmg2": 63.21525885558583,
      "A_rng": [
        76,
        194
      ],
      "D_rng": [
        55,
        150
      ],
      "A_damageTotal": null,
      "D_damageTotal": null,
      "A_damagePerFight": 761.5,
      "D_damagePerFight": 567
    },
    "firstMove": {
      "attackerRate": 0,
      "defenderRate": 100,
      "attackerWinWhenFirst": 0,
      "defenderWinWhenFirst": 49.5
    },
    "simSkillGivenHit": {
      "attacker": [
        53.3047735618115,
        54.83476132190942
      ],
      "defender": [
        55.420875420875426,
        63.21525885558583
      ]
    },
    "activeFlags": {
      "hitRollMode": "int",
      "hitGe": true,
      "hitQround": "round",
      "skillRollMode": "int",
      "skillGe": true,
      "skillQround": "round",
      "dmgRoll": "int",
      "armorK": 8,
      "armorApply": "per_weapon",
      "armorRound": "ceil",
      "sharedHit": false,
      "sharedSkillMode": "none",
      "actionStopOnKill": false,
      "speedTieMode": "random",
      "crystalStackStats": "iter4",
      "crystalStackDmg": "sum4",
      "crystalSlots": 4,
      "attackerAttackType": "normal",
      "defenderAttackType": "normal",
      "attackStyleRoundMode": "floor"
    }
  },
  "sampledFightDiagnostics": {
    "trace": [
      "=== TRACE (2 fights) for \"__REPLAY_DEFENDER__CUSTOM__HF-Rift-Bombs-Scout\" ===",
      "-- Fight 1 --",
      "T1 D->A | w1(h=true,s=false,raw=0,d=0,app=0) w2(h=true,s=true,raw=96,d=77,app=77) => raw=77 app=77 targetHP=650",
      "T1 A->D(ret) | w1(h=true,s=false,raw=0,d=0,app=0) w2(h=true,s=true,raw=126,d=91,app=91) => raw=91 app=91 targetHP=865",
      "T2 D->A | w1(h=true,s=true,raw=79,d=63,app=63) w2(h=false,s=false,raw=0,d=0,app=0) => raw=63 app=63 targetHP=573",
      "T2 A->D(ret) | w1(h=true,s=true,raw=128,d=92,app=92) w2(h=true,s=false,raw=0,d=0,app=0) => raw=92 app=92 targetHP=774",
      "T3 D->A | w1(h=true,s=true,raw=76,d=61,app=61) w2(h=false,s=false,raw=0,d=0,app=0) => raw=61 app=61 targetHP=510",
      "T3 A->D(ret) | w1(h=true,s=false,raw=0,d=0,app=0) w2(h=true,s=false,raw=0,d=0,app=0) => raw=0 app=0 targetHP=682",
      "T4 D->A | w1(h=true,s=true,raw=77,d=62,app=62) w2(h=true,s=true,raw=83,d=66,app=66) => raw=128 app=128 targetHP=449",
      "T4 A->D(ret) | w1(h=false,s=false,raw=0,d=0,app=0) w2(h=true,s=true,raw=122,d=88,app=88) => raw=88 app=88 targetHP=682",
      "T5 D->A | w1(h=true,s=true,raw=77,d=62,app=62) w2(h=true,s=true,raw=93,d=74,app=74) => raw=136 app=136 targetHP=321",
      "T5 A->D(ret) | w1(h=true,s=true,raw=112,d=81,app=81) w2(h=true,s=true,raw=135,d=98,app=98) => raw=179 app=179 targetHP=594",
      "T6 D->A | w1(h=true,s=true,raw=75,d=60,app=60) w2(h=true,s=false,raw=0,d=0,app=0) => raw=60 app=60 targetHP=185",
      "T6 A->D(ret) | w1(h=true,s=true,raw=127,d=92,app=92) w2(h=true,s=true,raw=130,d=94,app=94) => raw=186 app=186 targetHP=415",
      "T7 D->A | w1(h=false,s=false,raw=0,d=0,app=0) w2(h=false,s=false,raw=0,d=0,app=0) => raw=0 app=0 targetHP=125",
      "T7 A->D(ret) | w1(h=true,s=true,raw=114,d=82,app=82) w2(h=true,s=false,raw=0,d=0,app=0) => raw=82 app=82 targetHP=229",
      "T8 D->A | w1(h=false,s=false,raw=0,d=0,app=0) w2(h=true,s=true,raw=97,d=78,app=78) => raw=78 app=78 targetHP=125",
      "T8 A->D(ret) | w1(h=false,s=false,raw=0,d=0,app=0) w2(h=true,s=false,raw=0,d=0,app=0) => raw=0 app=0 targetHP=147",
      "T9 D->A | w1(h=false,s=false,raw=0,d=0,app=0) w2(h=false,s=false,raw=0,d=0,app=0) => raw=0 app=0 targetHP=47",
      "T9 A->D(ret) | w1(h=false,s=false,raw=0,d=0,app=0) w2(h=true,s=false,raw=0,d=0,app=0) => raw=0 app=0 targetHP=147",
      "T10 D->A | w1(h=true,s=true,raw=80,d=64,app=47) w2(h=true,s=true,raw=82,d=66,app=0) => raw=130 app=47 targetHP=47",
      "-- Fight 2 --",
      "T1 D->A | w1(h=true,s=false,raw=0,d=0,app=0) w2(h=true,s=true,raw=82,d=66,app=66) => raw=66 app=66 targetHP=650",
      "T1 A->D(ret) | w1(h=false,s=false,raw=0,d=0,app=0) w2(h=true,s=true,raw=132,d=95,app=95) => raw=95 app=95 targetHP=865",
      "T2 D->A | w1(h=true,s=false,raw=0,d=0,app=0) w2(h=true,s=true,raw=85,d=68,app=68) => raw=68 app=68 targetHP=584",
      "T2 A->D(ret) | w1(h=true,s=true,raw=117,d=85,app=85) w2(h=true,s=false,raw=0,d=0,app=0) => raw=85 app=85 targetHP=770",
      "T3 D->A | w1(h=true,s=false,raw=0,d=0,app=0) w2(h=true,s=false,raw=0,d=0,app=0) => raw=0 app=0 targetHP=516",
      "T3 A->D(ret) | w1(h=true,s=true,raw=115,d=83,app=83) w2(h=true,s=false,raw=0,d=0,app=0) => raw=83 app=83 targetHP=685",
      "T4 D->A | w1(h=true,s=true,raw=80,d=64,app=64) w2(h=true,s=false,raw=0,d=0,app=0) => raw=64 app=64 targetHP=516",
      "T4 A->D(ret) | w1(h=false,s=false,raw=0,d=0,app=0) w2(h=false,s=false,raw=0,d=0,app=0) => raw=0 app=0 targetHP=602",
      "T5 D->A | w1(h=true,s=true,raw=77,d=62,app=62) w2(h=true,s=true,raw=80,d=64,app=64) => raw=126 app=126 targetHP=452",
      "T5 A->D(ret) | w1(h=true,s=true,raw=113,d=82,app=82) w2(h=false,s=false,raw=0,d=0,app=0) => raw=82 app=82 targetHP=602",
      "T6 D->A | w1(h=true,s=true,raw=81,d=65,app=65) w2(h=true,s=true,raw=77,d=62,app=62) => raw=127 app=127 targetHP=326",
      "T6 A->D(ret) | w1(h=true,s=false,raw=0,d=0,app=0) w2(h=true,s=false,raw=0,d=0,app=0) => raw=0 app=0 targetHP=520",
      "T7 D->A | w1(h=true,s=false,raw=0,d=0,app=0) w2(h=true,s=true,raw=94,d=75,app=75) => raw=75 app=75 targetHP=199",
      "T7 A->D(ret) | w1(h=true,s=true,raw=110,d=80,app=80) w2(h=true,s=true,raw=131,d=95,app=95) => raw=175 app=175 targetHP=520",
      "T8 D->A | w1(h=true,s=true,raw=77,d=62,app=62) w2(h=false,s=false,raw=0,d=0,app=0) => raw=62 app=62 targetHP=124",
      "T8 A->D(ret) | w1(h=true,s=false,raw=0,d=0,app=0) w2(h=true,s=true,raw=134,d=97,app=97) => raw=97 app=97 targetHP=345",
      "T9 D->A | w1(h=true,s=true,raw=77,d=62,app=62) w2(h=true,s=true,raw=73,d=58,app=0) => raw=120 app=62 targetHP=62"
    ],
    "rollDump": [
      "=== ROLL_DUMP for \"__REPLAY_DEFENDER__CUSTOM__HF-Rift-Bombs-Scout\" (fights=1, maxTurns=8, maxLines=400) ===",
      "RD === BEGIN def=\"__REPLAY_DEFENDER__CUSTOM__HF-Rift-Bombs-Scout\" fight=1 ===",
      "RD HIT def=\"__REPLAY_DEFENDER__CUSTOM__HF-Rift-Bombs-Scout\" fight=1 turn=1 D->A w1(Rift Gun) | mode=int q=round ge=1 | off=Acc=241 offMin=60.25→60 offMax=241 offLo=60 offHi=241 | def=Dod=166 defMin=41.5→42 defMax=166 defLo=42 defHi=166 | rolls: offRoll=196 defRoll=145 diff=51 cmp=>= => 1",
      "RD SKILL def=\"__REPLAY_DEFENDER__CUSTOM__HF-Rift-Bombs-Scout\" fight=1 turn=1 D->A w1(Rift Gun) | mode=int q=round ge=1 | off=Gun=796 offMin=199→199 offMax=796 offLo=199 offHi=796 | def=Def=743 defMin=185.75→186 defMax=743 defLo=186 defHi=743 | rolls: offRoll=310 defRoll=720 diff=-410 cmp=>= => 0",
      "RD HIT def=\"__REPLAY_DEFENDER__CUSTOM__HF-Rift-Bombs-Scout\" fight=1 turn=1 D->A w2(Split Crystal Bombs T2) | mode=int q=round ge=1 | off=Acc=241 offMin=60.25→60 offMax=241 offLo=60 offHi=241 | def=Dod=166 defMin=41.5→42 defMax=166 defLo=42 defHi=166 | rolls: offRoll=196 defRoll=80 diff=116 cmp=>= => 1",
      "RD SKILL def=\"__REPLAY_DEFENDER__CUSTOM__HF-Rift-Bombs-Scout\" fight=1 turn=1 D->A w2(Split Crystal Bombs T2) | mode=int q=round ge=1 | off=Prj=852 offMin=213→213 offMax=852 offLo=213 offHi=852 | def=Def*1=743 defMin=185.75→186 defMax=743 defLo=186 defHi=743 | rolls: offRoll=488 defRoll=464 diff=24 cmp=>= => 1 | note=projDefMult=1",
      "RD HIT def=\"__REPLAY_DEFENDER__CUSTOM__HF-Rift-Bombs-Scout\" fight=1 turn=1 A->D(ret) w1(Reaper Axe) | mode=int q=round ge=1 | off=Acc=194 offMin=48.5→49 offMax=194 offLo=49 offHi=194 | def=Dod=101 defMin=25.25→25 defMax=101 defLo=25 defHi=101 | rolls: offRoll=102 defRoll=82 diff=20 cmp=>= => 1",
      "RD SKILL def=\"__REPLAY_DEFENDER__CUSTOM__HF-Rift-Bombs-Scout\" fight=1 turn=1 A->D(ret) w1(Reaper Axe) | mode=int q=round ge=1 | off=Mel=769 offMin=192.25→192 offMax=769 offLo=192 offHi=769 | def=Def=738 defMin=184.5→185 defMax=738 defLo=185 defHi=738 | rolls: offRoll=297 defRoll=664 diff=-367 cmp=>= => 0",
      "RD HIT def=\"__REPLAY_DEFENDER__CUSTOM__HF-Rift-Bombs-Scout\" fight=1 turn=1 A->D(ret) w2(Crystal Maul) | mode=int q=round ge=1 | off=Acc=194 offMin=48.5→49 offMax=194 offLo=49 offHi=194 | def=Dod=101 defMin=25.25→25 defMax=101 defLo=25 defHi=101 | rolls: offRoll=101 defRoll=93 diff=8 cmp=>= => 1",
      "RD SKILL def=\"__REPLAY_DEFENDER__CUSTOM__HF-Rift-Bombs-Scout\" fight=1 turn=1 A->D(ret) w2(Crystal Maul) | mode=int q=round ge=1 | off=Mel=769 offMin=192.25→192 offMax=769 offLo=192 offHi=769 | def=Def=738 defMin=184.5→185 defMax=738 defLo=185 defHi=738 | rolls: offRoll=630 defRoll=439 diff=191 cmp=>= => 1",
      "RD HIT def=\"__REPLAY_DEFENDER__CUSTOM__HF-Rift-Bombs-Scout\" fight=1 turn=2 D->A w1(Rift Gun) | mode=int q=round ge=1 | off=Acc=241 offMin=60.25→60 offMax=241 offLo=60 offHi=241 | def=Dod=166 defMin=41.5→42 defMax=166 defLo=42 defHi=166 | rolls: offRoll=229 defRoll=96 diff=133 cmp=>= => 1",
      "RD SKILL def=\"__REPLAY_DEFENDER__CUSTOM__HF-Rift-Bombs-Scout\" fight=1 turn=2 D->A w1(Rift Gun) | mode=int q=round ge=1 | off=Gun=796 offMin=199→199 offMax=796 offLo=199 offHi=796 | def=Def=743 defMin=185.75→186 defMax=743 defLo=186 defHi=743 | rolls: offRoll=562 defRoll=277 diff=285 cmp=>= => 1",
      "RD HIT def=\"__REPLAY_DEFENDER__CUSTOM__HF-Rift-Bombs-Scout\" fight=1 turn=2 D->A w2(Split Crystal Bombs T2) | mode=int q=round ge=1 | off=Acc=241 offMin=60.25→60 offMax=241 offLo=60 offHi=241 | def=Dod=166 defMin=41.5→42 defMax=166 defLo=42 defHi=166 | rolls: offRoll=63 defRoll=134 diff=-71 cmp=>= => 0",
      "RD HIT def=\"__REPLAY_DEFENDER__CUSTOM__HF-Rift-Bombs-Scout\" fight=1 turn=2 A->D(ret) w1(Reaper Axe) | mode=int q=round ge=1 | off=Acc=194 offMin=48.5→49 offMax=194 offLo=49 offHi=194 | def=Dod=101 defMin=25.25→25 defMax=101 defLo=25 defHi=101 | rolls: offRoll=90 defRoll=73 diff=17 cmp=>= => 1",
      "RD SKILL def=\"__REPLAY_DEFENDER__CUSTOM__HF-Rift-Bombs-Scout\" fight=1 turn=2 A->D(ret) w1(Reaper Axe) | mode=int q=round ge=1 | off=Mel=769 offMin=192.25→192 offMax=769 offLo=192 offHi=769 | def=Def=738 defMin=184.5→185 defMax=738 defLo=185 defHi=738 | rolls: offRoll=721 defRoll=200 diff=521 cmp=>= => 1",
      "RD HIT def=\"__REPLAY_DEFENDER__CUSTOM__HF-Rift-Bombs-Scout\" fight=1 turn=2 A->D(ret) w2(Crystal Maul) | mode=int q=round ge=1 | off=Acc=194 offMin=48.5→49 offMax=194 offLo=49 offHi=194 | def=Dod=101 defMin=25.25→25 defMax=101 defLo=25 defHi=101 | rolls: offRoll=128 defRoll=41 diff=87 cmp=>= => 1",
      "RD SKILL def=\"__REPLAY_DEFENDER__CUSTOM__HF-Rift-Bombs-Scout\" fight=1 turn=2 A->D(ret) w2(Crystal Maul) | mode=int q=round ge=1 | off=Mel=769 offMin=192.25→192 offMax=769 offLo=192 offHi=769 | def=Def=738 defMin=184.5→185 defMax=738 defLo=185 defHi=738 | rolls: offRoll=467 defRoll=586 diff=-119 cmp=>= => 0",
      "RD HIT def=\"__REPLAY_DEFENDER__CUSTOM__HF-Rift-Bombs-Scout\" fight=1 turn=3 D->A w1(Rift Gun) | mode=int q=round ge=1 | off=Acc=241 offMin=60.25→60 offMax=241 offLo=60 offHi=241 | def=Dod=166 defMin=41.5→42 defMax=166 defLo=42 defHi=166 | rolls: offRoll=95 defRoll=91 diff=4 cmp=>= => 1",
      "RD SKILL def=\"__REPLAY_DEFENDER__CUSTOM__HF-Rift-Bombs-Scout\" fight=1 turn=3 D->A w1(Rift Gun) | mode=int q=round ge=1 | off=Gun=796 offMin=199→199 offMax=796 offLo=199 offHi=796 | def=Def=743 defMin=185.75→186 defMax=743 defLo=186 defHi=743 | rolls: offRoll=782 defRoll=408 diff=374 cmp=>= => 1",
      "RD HIT def=\"__REPLAY_DEFENDER__CUSTOM__HF-Rift-Bombs-Scout\" fight=1 turn=3 D->A w2(Split Crystal Bombs T2) | mode=int q=round ge=1 | off=Acc=241 offMin=60.25→60 offMax=241 offLo=60 offHi=241 | def=Dod=166 defMin=41.5→42 defMax=166 defLo=42 defHi=166 | rolls: offRoll=125 defRoll=143 diff=-18 cmp=>= => 0",
      "RD HIT def=\"__REPLAY_DEFENDER__CUSTOM__HF-Rift-Bombs-Scout\" fight=1 turn=3 A->D(ret) w1(Reaper Axe) | mode=int q=round ge=1 | off=Acc=194 offMin=48.5→49 offMax=194 offLo=49 offHi=194 | def=Dod=101 defMin=25.25→25 defMax=101 defLo=25 defHi=101 | rolls: offRoll=114 defRoll=99 diff=15 cmp=>= => 1",
      "RD SKILL def=\"__REPLAY_DEFENDER__CUSTOM__HF-Rift-Bombs-Scout\" fight=1 turn=3 A->D(ret) w1(Reaper Axe) | mode=int q=round ge=1 | off=Mel=769 offMin=192.25→192 offMax=769 offLo=192 offHi=769 | def=Def=738 defMin=184.5→185 defMax=738 defLo=185 defHi=738 | rolls: offRoll=233 defRoll=297 diff=-64 cmp=>= => 0",
      "RD HIT def=\"__REPLAY_DEFENDER__CUSTOM__HF-Rift-Bombs-Scout\" fight=1 turn=3 A->D(ret) w2(Crystal Maul) | mode=int q=round ge=1 | off=Acc=194 offMin=48.5→49 offMax=194 offLo=49 offHi=194 | def=Dod=101 defMin=25.25→25 defMax=101 defLo=25 defHi=101 | rolls: offRoll=102 defRoll=64 diff=38 cmp=>= => 1",
      "RD SKILL def=\"__REPLAY_DEFENDER__CUSTOM__HF-Rift-Bombs-Scout\" fight=1 turn=3 A->D(ret) w2(Crystal Maul) | mode=int q=round ge=1 | off=Mel=769 offMin=192.25→192 offMax=769 offLo=192 offHi=769 | def=Def=738 defMin=184.5→185 defMax=738 defLo=185 defHi=738 | rolls: offRoll=201 defRoll=665 diff=-464 cmp=>= => 0",
      "RD HIT def=\"__REPLAY_DEFENDER__CUSTOM__HF-Rift-Bombs-Scout\" fight=1 turn=4 D->A w1(Rift Gun) | mode=int q=round ge=1 | off=Acc=241 offMin=60.25→60 offMax=241 offLo=60 offHi=241 | def=Dod=166 defMin=41.5→42 defMax=166 defLo=42 defHi=166 | rolls: offRoll=144 defRoll=67 diff=77 cmp=>= => 1",
      "RD SKILL def=\"__REPLAY_DEFENDER__CUSTOM__HF-Rift-Bombs-Scout\" fight=1 turn=4 D->A w1(Rift Gun) | mode=int q=round ge=1 | off=Gun=796 offMin=199→199 offMax=796 offLo=199 offHi=796 | def=Def=743 defMin=185.75→186 defMax=743 defLo=186 defHi=743 | rolls: offRoll=768 defRoll=566 diff=202 cmp=>= => 1",
      "RD HIT def=\"__REPLAY_DEFENDER__CUSTOM__HF-Rift-Bombs-Scout\" fight=1 turn=4 D->A w2(Split Crystal Bombs T2) | mode=int q=round ge=1 | off=Acc=241 offMin=60.25→60 offMax=241 offLo=60 offHi=241 | def=Dod=166 defMin=41.5→42 defMax=166 defLo=42 defHi=166 | rolls: offRoll=223 defRoll=69 diff=154 cmp=>= => 1",
      "RD SKILL def=\"__REPLAY_DEFENDER__CUSTOM__HF-Rift-Bombs-Scout\" fight=1 turn=4 D->A w2(Split Crystal Bombs T2) | mode=int q=round ge=1 | off=Prj=852 offMin=213→213 offMax=852 offLo=213 offHi=852 | def=Def*1=743 defMin=185.75→186 defMax=743 defLo=186 defHi=743 | rolls: offRoll=348 defRoll=299 diff=49 cmp=>= => 1 | note=projDefMult=1",
      "RD HIT def=\"__REPLAY_DEFENDER__CUSTOM__HF-Rift-Bombs-Scout\" fight=1 turn=4 A->D(ret) w1(Reaper Axe) | mode=int q=round ge=1 | off=Acc=194 offMin=48.5→49 offMax=194 offLo=49 offHi=194 | def=Dod=101 defMin=25.25→25 defMax=101 defLo=25 defHi=101 | rolls: offRoll=72 defRoll=87 diff=-15 cmp=>= => 0",
      "RD HIT def=\"__REPLAY_DEFENDER__CUSTOM__HF-Rift-Bombs-Scout\" fight=1 turn=4 A->D(ret) w2(Crystal Maul) | mode=int q=round ge=1 | off=Acc=194 offMin=48.5→49 offMax=194 offLo=49 offHi=194 | def=Dod=101 defMin=25.25→25 defMax=101 defLo=25 defHi=101 | rolls: offRoll=166 defRoll=80 diff=86 cmp=>= => 1",
      "RD SKILL def=\"__REPLAY_DEFENDER__CUSTOM__HF-Rift-Bombs-Scout\" fight=1 turn=4 A->D(ret) w2(Crystal Maul) | mode=int q=round ge=1 | off=Mel=769 offMin=192.25→192 offMax=769 offLo=192 offHi=769 | def=Def=738 defMin=184.5→185 defMax=738 defLo=185 defHi=738 | rolls: offRoll=743 defRoll=204 diff=539 cmp=>= => 1",
      "RD HIT def=\"__REPLAY_DEFENDER__CUSTOM__HF-Rift-Bombs-Scout\" fight=1 turn=5 D->A w1(Rift Gun) | mode=int q=round ge=1 | off=Acc=241 offMin=60.25→60 offMax=241 offLo=60 offHi=241 | def=Dod=166 defMin=41.5→42 defMax=166 defLo=42 defHi=166 | rolls: offRoll=130 defRoll=66 diff=64 cmp=>= => 1",
      "RD SKILL def=\"__REPLAY_DEFENDER__CUSTOM__HF-Rift-Bombs-Scout\" fight=1 turn=5 D->A w1(Rift Gun) | mode=int q=round ge=1 | off=Gun=796 offMin=199→199 offMax=796 offLo=199 offHi=796 | def=Def=743 defMin=185.75→186 defMax=743 defLo=186 defHi=743 | rolls: offRoll=777 defRoll=233 diff=544 cmp=>= => 1",
      "RD HIT def=\"__REPLAY_DEFENDER__CUSTOM__HF-Rift-Bombs-Scout\" fight=1 turn=5 D->A w2(Split Crystal Bombs T2) | mode=int q=round ge=1 | off=Acc=241 offMin=60.25→60 offMax=241 offLo=60 offHi=241 | def=Dod=166 defMin=41.5→42 defMax=166 defLo=42 defHi=166 | rolls: offRoll=206 defRoll=155 diff=51 cmp=>= => 1",
      "RD SKILL def=\"__REPLAY_DEFENDER__CUSTOM__HF-Rift-Bombs-Scout\" fight=1 turn=5 D->A w2(Split Crystal Bombs T2) | mode=int q=round ge=1 | off=Prj=852 offMin=213→213 offMax=852 offLo=213 offHi=852 | def=Def*1=743 defMin=185.75→186 defMax=743 defLo=186 defHi=743 | rolls: offRoll=762 defRoll=321 diff=441 cmp=>= => 1 | note=projDefMult=1",
      "RD HIT def=\"__REPLAY_DEFENDER__CUSTOM__HF-Rift-Bombs-Scout\" fight=1 turn=5 A->D(ret) w1(Reaper Axe) | mode=int q=round ge=1 | off=Acc=194 offMin=48.5→49 offMax=194 offLo=49 offHi=194 | def=Dod=101 defMin=25.25→25 defMax=101 defLo=25 defHi=101 | rolls: offRoll=81 defRoll=34 diff=47 cmp=>= => 1",
      "RD SKILL def=\"__REPLAY_DEFENDER__CUSTOM__HF-Rift-Bombs-Scout\" fight=1 turn=5 A->D(ret) w1(Reaper Axe) | mode=int q=round ge=1 | off=Mel=769 offMin=192.25→192 offMax=769 offLo=192 offHi=769 | def=Def=738 defMin=184.5→185 defMax=738 defLo=185 defHi=738 | rolls: offRoll=612 defRoll=505 diff=107 cmp=>= => 1",
      "RD HIT def=\"__REPLAY_DEFENDER__CUSTOM__HF-Rift-Bombs-Scout\" fight=1 turn=5 A->D(ret) w2(Crystal Maul) | mode=int q=round ge=1 | off=Acc=194 offMin=48.5→49 offMax=194 offLo=49 offHi=194 | def=Dod=101 defMin=25.25→25 defMax=101 defLo=25 defHi=101 | rolls: offRoll=127 defRoll=68 diff=59 cmp=>= => 1",
      "RD SKILL def=\"__REPLAY_DEFENDER__CUSTOM__HF-Rift-Bombs-Scout\" fight=1 turn=5 A->D(ret) w2(Crystal Maul) | mode=int q=round ge=1 | off=Mel=769 offMin=192.25→192 offMax=769 offLo=192 offHi=769 | def=Def=738 defMin=184.5→185 defMax=738 defLo=185 defHi=738 | rolls: offRoll=566 defRoll=342 diff=224 cmp=>= => 1",
      "RD HIT def=\"__REPLAY_DEFENDER__CUSTOM__HF-Rift-Bombs-Scout\" fight=1 turn=6 D->A w1(Rift Gun) | mode=int q=round ge=1 | off=Acc=241 offMin=60.25→60 offMax=241 offLo=60 offHi=241 | def=Dod=166 defMin=41.5→42 defMax=166 defLo=42 defHi=166 | rolls: offRoll=98 defRoll=76 diff=22 cmp=>= => 1",
      "RD SKILL def=\"__REPLAY_DEFENDER__CUSTOM__HF-Rift-Bombs-Scout\" fight=1 turn=6 D->A w1(Rift Gun) | mode=int q=round ge=1 | off=Gun=796 offMin=199→199 offMax=796 offLo=199 offHi=796 | def=Def=743 defMin=185.75→186 defMax=743 defLo=186 defHi=743 | rolls: offRoll=765 defRoll=330 diff=435 cmp=>= => 1",
      "RD HIT def=\"__REPLAY_DEFENDER__CUSTOM__HF-Rift-Bombs-Scout\" fight=1 turn=6 D->A w2(Split Crystal Bombs T2) | mode=int q=round ge=1 | off=Acc=241 offMin=60.25→60 offMax=241 offLo=60 offHi=241 | def=Dod=166 defMin=41.5→42 defMax=166 defLo=42 defHi=166 | rolls: offRoll=189 defRoll=66 diff=123 cmp=>= => 1",
      "RD SKILL def=\"__REPLAY_DEFENDER__CUSTOM__HF-Rift-Bombs-Scout\" fight=1 turn=6 D->A w2(Split Crystal Bombs T2) | mode=int q=round ge=1 | off=Prj=852 offMin=213→213 offMax=852 offLo=213 offHi=852 | def=Def*1=743 defMin=185.75→186 defMax=743 defLo=186 defHi=743 | rolls: offRoll=331 defRoll=452 diff=-121 cmp=>= => 0 | note=projDefMult=1",
      "RD HIT def=\"__REPLAY_DEFENDER__CUSTOM__HF-Rift-Bombs-Scout\" fight=1 turn=6 A->D(ret) w1(Reaper Axe) | mode=int q=round ge=1 | off=Acc=194 offMin=48.5→49 offMax=194 offLo=49 offHi=194 | def=Dod=101 defMin=25.25→25 defMax=101 defLo=25 defHi=101 | rolls: offRoll=140 defRoll=94 diff=46 cmp=>= => 1",
      "RD SKILL def=\"__REPLAY_DEFENDER__CUSTOM__HF-Rift-Bombs-Scout\" fight=1 turn=6 A->D(ret) w1(Reaper Axe) | mode=int q=round ge=1 | off=Mel=769 offMin=192.25→192 offMax=769 offLo=192 offHi=769 | def=Def=738 defMin=184.5→185 defMax=738 defLo=185 defHi=738 | rolls: offRoll=766 defRoll=286 diff=480 cmp=>= => 1",
      "RD HIT def=\"__REPLAY_DEFENDER__CUSTOM__HF-Rift-Bombs-Scout\" fight=1 turn=6 A->D(ret) w2(Crystal Maul) | mode=int q=round ge=1 | off=Acc=194 offMin=48.5→49 offMax=194 offLo=49 offHi=194 | def=Dod=101 defMin=25.25→25 defMax=101 defLo=25 defHi=101 | rolls: offRoll=132 defRoll=48 diff=84 cmp=>= => 1",
      "RD SKILL def=\"__REPLAY_DEFENDER__CUSTOM__HF-Rift-Bombs-Scout\" fight=1 turn=6 A->D(ret) w2(Crystal Maul) | mode=int q=round ge=1 | off=Mel=769 offMin=192.25→192 offMax=769 offLo=192 offHi=769 | def=Def=738 defMin=184.5→185 defMax=738 defLo=185 defHi=738 | rolls: offRoll=751 defRoll=738 diff=13 cmp=>= => 1",
      "RD HIT def=\"__REPLAY_DEFENDER__CUSTOM__HF-Rift-Bombs-Scout\" fight=1 turn=7 D->A w1(Rift Gun) | mode=int q=round ge=1 | off=Acc=241 offMin=60.25→60 offMax=241 offLo=60 offHi=241 | def=Dod=166 defMin=41.5→42 defMax=166 defLo=42 defHi=166 | rolls: offRoll=62 defRoll=125 diff=-63 cmp=>= => 0",
      "RD HIT def=\"__REPLAY_DEFENDER__CUSTOM__HF-Rift-Bombs-Scout\" fight=1 turn=7 D->A w2(Split Crystal Bombs T2) | mode=int q=round ge=1 | off=Acc=241 offMin=60.25→60 offMax=241 offLo=60 offHi=241 | def=Dod=166 defMin=41.5→42 defMax=166 defLo=42 defHi=166 | rolls: offRoll=91 defRoll=120 diff=-29 cmp=>= => 0",
      "RD HIT def=\"__REPLAY_DEFENDER__CUSTOM__HF-Rift-Bombs-Scout\" fight=1 turn=7 A->D(ret) w1(Reaper Axe) | mode=int q=round ge=1 | off=Acc=194 offMin=48.5→49 offMax=194 offLo=49 offHi=194 | def=Dod=101 defMin=25.25→25 defMax=101 defLo=25 defHi=101 | rolls: offRoll=113 defRoll=41 diff=72 cmp=>= => 1",
      "RD SKILL def=\"__REPLAY_DEFENDER__CUSTOM__HF-Rift-Bombs-Scout\" fight=1 turn=7 A->D(ret) w1(Reaper Axe) | mode=int q=round ge=1 | off=Mel=769 offMin=192.25→192 offMax=769 offLo=192 offHi=769 | def=Def=738 defMin=184.5→185 defMax=738 defLo=185 defHi=738 | rolls: offRoll=655 defRoll=185 diff=470 cmp=>= => 1",
      "RD HIT def=\"__REPLAY_DEFENDER__CUSTOM__HF-Rift-Bombs-Scout\" fight=1 turn=7 A->D(ret) w2(Crystal Maul) | mode=int q=round ge=1 | off=Acc=194 offMin=48.5→49 offMax=194 offLo=49 offHi=194 | def=Dod=101 defMin=25.25→25 defMax=101 defLo=25 defHi=101 | rolls: offRoll=138 defRoll=86 diff=52 cmp=>= => 1",
      "RD SKILL def=\"__REPLAY_DEFENDER__CUSTOM__HF-Rift-Bombs-Scout\" fight=1 turn=7 A->D(ret) w2(Crystal Maul) | mode=int q=round ge=1 | off=Mel=769 offMin=192.25→192 offMax=769 offLo=192 offHi=769 | def=Def=738 defMin=184.5→185 defMax=738 defLo=185 defHi=738 | rolls: offRoll=311 defRoll=392 diff=-81 cmp=>= => 0",
      "RD HIT def=\"__REPLAY_DEFENDER__CUSTOM__HF-Rift-Bombs-Scout\" fight=1 turn=8 D->A w1(Rift Gun) | mode=int q=round ge=1 | off=Acc=241 offMin=60.25→60 offMax=241 offLo=60 offHi=241 | def=Dod=166 defMin=41.5→42 defMax=166 defLo=42 defHi=166 | rolls: offRoll=91 defRoll=104 diff=-13 cmp=>= => 0",
      "RD HIT def=\"__REPLAY_DEFENDER__CUSTOM__HF-Rift-Bombs-Scout\" fight=1 turn=8 D->A w2(Split Crystal Bombs T2) | mode=int q=round ge=1 | off=Acc=241 offMin=60.25→60 offMax=241 offLo=60 offHi=241 | def=Dod=166 defMin=41.5→42 defMax=166 defLo=42 defHi=166 | rolls: offRoll=189 defRoll=80 diff=109 cmp=>= => 1",
      "RD SKILL def=\"__REPLAY_DEFENDER__CUSTOM__HF-Rift-Bombs-Scout\" fight=1 turn=8 D->A w2(Split Crystal Bombs T2) | mode=int q=round ge=1 | off=Prj=852 offMin=213→213 offMax=852 offLo=213 offHi=852 | def=Def*1=743 defMin=185.75→186 defMax=743 defLo=186 defHi=743 | rolls: offRoll=835 defRoll=366 diff=469 cmp=>= => 1 | note=projDefMult=1",
      "RD HIT def=\"__REPLAY_DEFENDER__CUSTOM__HF-Rift-Bombs-Scout\" fight=1 turn=8 A->D(ret) w1(Reaper Axe) | mode=int q=round ge=1 | off=Acc=194 offMin=48.5→49 offMax=194 offLo=49 offHi=194 | def=Dod=101 defMin=25.25→25 defMax=101 defLo=25 defHi=101 | rolls: offRoll=53 defRoll=84 diff=-31 cmp=>= => 0",
      "RD HIT def=\"__REPLAY_DEFENDER__CUSTOM__HF-Rift-Bombs-Scout\" fight=1 turn=8 A->D(ret) w2(Crystal Maul) | mode=int q=round ge=1 | off=Acc=194 offMin=48.5→49 offMax=194 offLo=49 offHi=194 | def=Dod=101 defMin=25.25→25 defMax=101 defLo=25 defHi=101 | rolls: offRoll=159 defRoll=27 diff=132 cmp=>= => 1",
      "RD SKILL def=\"__REPLAY_DEFENDER__CUSTOM__HF-Rift-Bombs-Scout\" fight=1 turn=8 A->D(ret) w2(Crystal Maul) | mode=int q=round ge=1 | off=Mel=769 offMin=192.25→192 offMax=769 offLo=192 offHi=769 | def=Def=738 defMin=184.5→185 defMax=738 defLo=185 defHi=738 | rolls: offRoll=248 defRoll=599 diff=-351 cmp=>= => 0",
      "=== END ROLL_DUMP ==="
    ]
  },
  "debugActionCounters": {
    "attacker": {
      "turnsTaken": 1860,
      "weapon1Attempts": 1860,
      "weapon2Attempts": 1860,
      "weapon1HitCount": 1634,
      "weapon2HitCount": 1634,
      "weapon1SkillSuccessCount": 871,
      "weapon2SkillSuccessCount": 896,
      "weapon1DamageEvents": 871,
      "weapon2DamageEvents": 896,
      "rawDamageTotal": 158138,
      "appliedDamageTotal": 152300,
      "w1OverkillCount": 46,
      "w2OverkillCount": 77,
      "w2OnDeadCount": 25,
      "killsByW1": 46,
      "killsByW2": 55,
      "totalKills": 101,
      "averageAppliedDamagePerTurn": 81.8817,
      "averageAppliedDamagePerSuccessfulSkill": 86.1913,
      "appliedRawRatio": 0.9631
    },
    "defender": {
      "turnsTaken": 1959,
      "weapon1Attempts": 1959,
      "weapon2Attempts": 1959,
      "weapon1HitCount": 1485,
      "weapon2HitCount": 1468,
      "weapon1SkillSuccessCount": 823,
      "weapon2SkillSuccessCount": 928,
      "weapon1DamageEvents": 823,
      "weapon2DamageEvents": 928,
      "rawDamageTotal": 117142,
      "appliedDamageTotal": 113398,
      "w1OverkillCount": 38,
      "w2OverkillCount": 76,
      "w2OnDeadCount": 18,
      "killsByW1": 39,
      "killsByW2": 60,
      "totalKills": 99,
      "averageAppliedDamagePerTurn": 57.8857,
      "averageAppliedDamagePerSuccessfulSkill": 64.7619,
      "appliedRawRatio": 0.968
    }
  },
  "diagnosisHints": [
    "throughput gap is defender-skewed (A dmg/f Δ=-14, D dmg/f Δ=-42.1)"
  ],
  "sanityFingerprint": {
    "sourceSimFile": "/Users/danielhook/Desktop/code_projects/legacy_sims/.legacy-sim-custom--24812--baseline--1.js",
    "sourceDefsFile": "data/legacy-defs.js",
    "sourceDefenderFile": "/var/folders/_m/pnr1j20n5ysbl010kddx6hs80000gn/T/legacy-replay-baseline-SVoaVz/CUSTOM--HF-Rift-Bombs-Scout--defender.js",
    "attackerHash": "dde8b5a8",
    "defenderHash": "61424d76",
    "logicKey": "64c51963",
    "configKey": "fd67910d",
    "runKey": "2b4f565d",
    "critical": {
      "hitRollMode": "int",
      "hitGe": true,
      "hitQround": "round",
      "skillRollMode": "int",
      "skillGe": true,
      "skillQround": "round",
      "dmgRoll": "int",
      "armorK": 8,
      "armorApply": "per_weapon",
      "armorRound": "ceil",
      "sharedHit": false,
      "sharedSkillMode": "none",
      "actionStopOnKill": false,
      "speedTieMode": "random",
      "crystalStackStats": "iter4",
      "crystalStackDmg": "sum4",
      "crystalSlots": 4,
      "attackerAttackType": "normal",
      "defenderAttackType": "normal",
      "attackStyleRoundMode": "floor"
    }
  }
}
PROGRESS variant=baseline jobs=2/2 100.0% elapsed=00:00:00 eta=00:00:00 current=CUSTOM | HF Rift/Bombs Scout
MATCHUPS=2 COMPARED=2 TRIALS=200 WORKERS=1 VARIANT=baseline ENV=(default env)
SUMMARY meanAbsΔwin=6.00 meanAbsΔavgT=0.3294 worstAbsΔwin=6.80 (CUSTOM vs HF Rift/Bombs Scout)
Worst mismatches (top 15):
01 CUSTOM | HF Rift/Bombs Scout | win 43.70->50.50 s/a +6.80 / 6.80 | avgT 10.3708->9.7950 s/a -0.5758 / 0.5758
   A hit 87->88 s/a +1 / 1 | dmg1 53->53 s/a +0 / 0 | dmg2 53->55 s/a +2 / 2 | dmg/f 775.5->761.5 s/a -14.0 / 14.0 | rng 72-183->76-194 s/a +4/+11 / 4/11
   D hit 75->76 s/a +1 / 1 | dmg1 55->55 s/a +0 / 0 | dmg2 61->63 s/a +2 / 2 | dmg/f 609.1->567.0 s/a -42.1 / 42.1 | rng 55-151->55-150 s/a +0/-1 / 0/1
02 CUSTOM | Ashley Build | win 43.30->48.50 s/a +5.20 / 5.20 | avgT 8.9380->8.8550 s/a -0.0830 / 0.0830
   A hit 54->52 s/a -2 / 2 | dmg1 57->59 s/a +2 / 2 | dmg2 57->58 s/a +1 / 1 | dmg/f 511.2->502.2 s/a -9.0 / 9.0 | rng 84-215->88-223 s/a +4/+8 / 4/8
   D hit 69->72 s/a +3 / 3 | dmg1 55->55 s/a +0 / 0 | dmg2 55->56 s/a +1 / 1 | dmg/f 602.9->554.4 s/a -48.5 / 48.5 | rng 50-193->50-187 s/a +0/-6 / 0/6

By attacker:
CUSTOM | avgAbsΔwin=6.00 | worst=6.80 (+6.80) | vs=HF Rift/Bombs Scout

By defender:
HF Rift/Bombs Scout | avgAbsΔwin=6.80 | worst=6.80 (+6.80) | vs=CUSTOM
Ashley Build | avgAbsΔwin=5.20 | worst=5.20 (+5.20) | vs=CUSTOM
